8/28/2016 11:21:25 AM	This log contains information about the import schema operation into project 'FauxMeterDB' on computer 'MOE' by user 'dstrait'.
8/28/2016 11:21:25 AM	Import of database schema has started.
8/28/2016 11:21:34 AM	Gathering database options
8/28/2016 11:21:35 AM	Gathering users
8/28/2016 11:21:35 AM	Gathering roles
8/28/2016 11:21:35 AM	Gathering application roles
8/28/2016 11:21:35 AM	Gathering role memberships
8/28/2016 11:21:35 AM	Gathering filegroups
8/28/2016 11:21:35 AM	Gathering full-text catalogs
8/28/2016 11:21:35 AM	Gathering assemblies
8/28/2016 11:21:35 AM	Gathering certificates
8/28/2016 11:21:35 AM	Gathering asymmetric keys
8/28/2016 11:21:35 AM	Gathering symmetric keys
8/28/2016 11:21:35 AM	Gathering encrypted symmetric keys
8/28/2016 11:21:35 AM	Gathering schemas
8/28/2016 11:21:35 AM	Gathering XML schema collections
8/28/2016 11:21:35 AM	Gathering user-defined data types
8/28/2016 11:21:35 AM	Gathering user-defined types
8/28/2016 11:21:35 AM	Gathering table types
8/28/2016 11:21:35 AM	Gathering unique keys for table types
8/28/2016 11:21:35 AM	Gathering primary keys for table types
8/28/2016 11:21:35 AM	Gathering check constraints for table types
8/28/2016 11:21:35 AM	Gathering default constraints for table types
8/28/2016 11:21:35 AM	Gathering partition functions
8/28/2016 11:21:35 AM	Gathering partition schemes
8/28/2016 11:21:35 AM	Gathering functions
8/28/2016 11:21:35 AM	Gathering encrypted functions
8/28/2016 11:21:35 AM	Gathering aggregates
8/28/2016 11:21:35 AM	Gathering procedures
8/28/2016 11:21:35 AM	Gathering encrypted procedures
8/28/2016 11:21:35 AM	Gathering tables
8/28/2016 11:21:35 AM	Gathering primary keys
8/28/2016 11:21:35 AM	Gathering unique constraints
8/28/2016 11:21:35 AM	Gathering foreign keys
8/28/2016 11:21:35 AM	Gathering default constraints
8/28/2016 11:21:35 AM	Gathering check constraints
8/28/2016 11:21:35 AM	Gathering views
8/28/2016 11:21:35 AM	Gathering encrypted views
8/28/2016 11:21:35 AM	Gathering indexes
8/28/2016 11:21:35 AM	Gathering statistics
8/28/2016 11:21:35 AM	Gathering full-text index stoplists
8/28/2016 11:21:35 AM	Gathering search property lists
8/28/2016 11:21:35 AM	Gathering search properties
8/28/2016 11:21:35 AM	Gathering full-text indexes
8/28/2016 11:21:35 AM	Gathering column store indexes
8/28/2016 11:21:35 AM	Gathering spatial indexes
8/28/2016 11:21:35 AM	Gathering XML indexes
8/28/2016 11:21:35 AM	Gathering Selective XML indexes
8/28/2016 11:21:35 AM	Gathering encrypted triggers
8/28/2016 11:21:35 AM	Gathering triggers
8/28/2016 11:21:35 AM	Gathering encrypted and clr ddl triggers
8/28/2016 11:21:35 AM	Gathering ddl triggers
8/28/2016 11:21:35 AM	Gathering synonyms
8/28/2016 11:21:35 AM	Gathering defaults
8/28/2016 11:21:35 AM	Gathering data constraint uddt bindings
8/28/2016 11:21:35 AM	Gathering rules
8/28/2016 11:21:35 AM	Gathering data constraint uddt bindings
8/28/2016 11:21:35 AM	Gathering message types
8/28/2016 11:21:35 AM	Gathering queues
8/28/2016 11:21:35 AM	Gathering contracts
8/28/2016 11:21:35 AM	Gathering services
8/28/2016 11:21:35 AM	Gathering event notifications
8/28/2016 11:21:35 AM	Gathering remote service bindings
8/28/2016 11:21:35 AM	Gathering broker priorities
8/28/2016 11:21:35 AM	Gathering signatures
8/28/2016 11:21:35 AM	Gathering data compression options
8/28/2016 11:21:35 AM	Gathering sequence types
8/28/2016 11:21:35 AM	Gathering extended properties
8/28/2016 11:21:36 AM	Gathering credentials
8/28/2016 11:21:36 AM	Gathering logins
8/28/2016 11:21:36 AM	Gathering server audits
8/28/2016 11:21:36 AM	Scanning project for duplicate elements
8/28/2016 11:21:36 AM	Finished duplicate element processing
8/28/2016 11:21:37 AM	Finished importing database.
8/28/2016 11:21:37 AM	A summary of the import was saved to the following location: c:\users\dstrait.corp\documents\visual studio 2012\Projects\FauxMeter\FauxMeterDB\Import Schema Logs\FauxMeterDB_20160828032125.log
8/28/2016 11:21:37 AM	Click Finish to continue...
